<?xml version="1.0" encoding="UTF-8"?>
<!-- Generated by org.testng.reporters.JUnitReportReporter -->
<testsuite skipped="0" hostname="PratikP" name="com.jbk.test.RegistrationPageTest" tests="1" failures="0" timestamp="29 Oct 2023 03:48:58 GMT" time="11.548" errors="0">
  <testcase name="verifyPopUpText" time="11.548" classname="com.jbk.test.RegistrationPageTest"/>
</testsuite> <!-- com.jbk.test.RegistrationPageTest -->
