<?xml version="1.0" encoding="UTF-8"?>
<!-- Generated by org.testng.reporters.JUnitReportReporter -->
<testsuite skipped="0" hostname="PratikP" name="com.jbk.test.NewMemberTest" tests="1" failures="0" timestamp="31 Oct 2023 03:37:28 GMT" time="7.332" errors="0">
  <testcase name="verifyTitle" time="7.332" classname="com.jbk.test.NewMemberTest"/>
</testsuite> <!-- com.jbk.test.NewMemberTest -->
