<?xml version="1.0" encoding="UTF-8"?>
<!-- Generated by org.testng.reporters.JUnitReportReporter -->
<testsuite skipped="0" hostname="PratikP" name="com.jbk.test.DashboardTest" tests="1" failures="0" timestamp="03 Nov 2023 09:13:56 GMT" time="5.409" errors="0">
  <testcase name="dasshboardTestCase_001" time="5.409" classname="com.jbk.test.DashboardTest"/>
</testsuite> <!-- com.jbk.test.DashboardTest -->
